{"/Users/suyashkumar/Dropbox/Projects/ADPL/software/cloud-dashboard/node-server/handle-device.js": {"path":"/Users/suyashkumar/Dropbox/Projects/ADPL/software/cloud-dashboard/node-server/handle-device.js","statementMap":{"0":{"start":{"line":8,"column":18},"end":{"line":8,"column":40}},"1":{"start":{"line":9,"column":15},"end":{"line":9,"column":51}},"2":{"start":{"line":10,"column":17},"end":{"line":10,"column":55}},"3":{"start":{"line":13,"column":1},"end":{"line":18,"column":2}},"4":{"start":{"line":14,"column":21},"end":{"line":14,"column":51}},"5":{"start":{"line":15,"column":2},"end":{"line":15,"column":37}},"6":{"start":{"line":17,"column":2},"end":{"line":17,"column":60}},"7":{"start":{"line":22,"column":1},"end":{"line":27,"column":2}},"8":{"start":{"line":23,"column":21},"end":{"line":23,"column":53}},"9":{"start":{"line":24,"column":2},"end":{"line":24,"column":39}},"10":{"start":{"line":26,"column":2},"end":{"line":26,"column":61}},"11":{"start":{"line":32,"column":10},"end":{"line":32,"column":36}},"12":{"start":{"line":35,"column":4},"end":{"line":37,"column":4}},"13":{"start":{"line":36,"column":2},"end":{"line":36,"column":40}},"14":{"start":{"line":40,"column":1},"end":{"line":42,"column":4}},"15":{"start":{"line":41,"column":2},"end":{"line":41,"column":35}},"16":{"start":{"line":44,"column":4},"end":{"line":47,"column":6}},"17":{"start":{"line":45,"column":8},"end":{"line":45,"column":51}},"18":{"start":{"line":46,"column":8},"end":{"line":46,"column":25}},"19":{"start":{"line":50,"column":0},"end":{"line":54,"column":1}}},"fnMap":{"0":{"name":"handleTemperatureMessage","decl":{"start":{"line":12,"column":9},"end":{"line":12,"column":33}},"loc":{"start":{"line":12,"column":47},"end":{"line":19,"column":1}}},"1":{"name":"handleBucketMessage","decl":{"start":{"line":21,"column":9},"end":{"line":21,"column":28}},"loc":{"start":{"line":21,"column":42},"end":{"line":29,"column":1}}},"2":{"name":"handleStream","decl":{"start":{"line":31,"column":9},"end":{"line":31,"column":21}},"loc":{"start":{"line":31,"column":36},"end":{"line":48,"column":1}}},"3":{"name":"(anonymous_3)","decl":{"start":{"line":35,"column":33},"end":{"line":35,"column":34}},"loc":{"start":{"line":35,"column":46},"end":{"line":37,"column":2}}},"4":{"name":"(anonymous_4)","decl":{"start":{"line":40,"column":31},"end":{"line":40,"column":32}},"loc":{"start":{"line":40,"column":44},"end":{"line":42,"column":2}}},"5":{"name":"(anonymous_5)","decl":{"start":{"line":44,"column":17},"end":{"line":44,"column":18}},"loc":{"start":{"line":44,"column":32},"end":{"line":47,"column":5}}}},"branchMap":{},"s":{"0":1,"1":1,"2":1,"3":1,"4":1,"5":1,"6":0,"7":1,"8":1,"9":1,"10":0,"11":0,"12":0,"13":0,"14":0,"15":0,"16":0,"17":0,"18":0,"19":1},"f":{"0":1,"1":1,"2":0,"3":0,"4":0,"5":0},"b":{},"_coverageSchema":"332fd63041d2c1bcb487cc26dd0d5f7d97098a6c","hash":"db70a5b6ca9238cd31332f25f069349bb03919ff"}
,"/Users/suyashkumar/Dropbox/Projects/ADPL/software/cloud-dashboard/node-server/api/temperature-handlers.js": {"path":"/Users/suyashkumar/Dropbox/Projects/ADPL/software/cloud-dashboard/node-server/api/temperature-handlers.js","statementMap":{"0":{"start":{"line":7,"column":23},"end":{"line":7,"column":61}},"1":{"start":{"line":9,"column":0},"end":{"line":44,"column":1}},"2":{"start":{"line":12,"column":2},"end":{"line":15,"column":5}},"3":{"start":{"line":13,"column":3},"end":{"line":13,"column":25}},"4":{"start":{"line":13,"column":11},"end":{"line":13,"column":25}},"5":{"start":{"line":14,"column":3},"end":{"line":14,"column":21}},"6":{"start":{"line":18,"column":2},"end":{"line":21,"column":5}},"7":{"start":{"line":19,"column":3},"end":{"line":19,"column":25}},"8":{"start":{"line":19,"column":11},"end":{"line":19,"column":25}},"9":{"start":{"line":20,"column":3},"end":{"line":20,"column":21}},"10":{"start":{"line":24,"column":2},"end":{"line":30,"column":5}},"11":{"start":{"line":28,"column":3},"end":{"line":28,"column":25}},"12":{"start":{"line":28,"column":11},"end":{"line":28,"column":25}},"13":{"start":{"line":29,"column":3},"end":{"line":29,"column":21}},"14":{"start":{"line":33,"column":22},"end":{"line":33,"column":32}},"15":{"start":{"line":35,"column":2},"end":{"line":35,"column":73}},"16":{"start":{"line":36,"column":2},"end":{"line":41,"column":5}},"17":{"start":{"line":39,"column":3},"end":{"line":39,"column":25}},"18":{"start":{"line":39,"column":11},"end":{"line":39,"column":25}},"19":{"start":{"line":40,"column":3},"end":{"line":40,"column":21}}},"fnMap":{"0":{"name":"(anonymous_0)","decl":{"start":{"line":11,"column":7},"end":{"line":11,"column":8}},"loc":{"start":{"line":11,"column":25},"end":{"line":16,"column":2}}},"1":{"name":"(anonymous_1)","decl":{"start":{"line":12,"column":28},"end":{"line":12,"column":29}},"loc":{"start":{"line":12,"column":50},"end":{"line":15,"column":3}}},"2":{"name":"(anonymous_2)","decl":{"start":{"line":17,"column":13},"end":{"line":17,"column":14}},"loc":{"start":{"line":17,"column":31},"end":{"line":22,"column":2}}},"3":{"name":"(anonymous_3)","decl":{"start":{"line":18,"column":47},"end":{"line":18,"column":48}},"loc":{"start":{"line":18,"column":69},"end":{"line":21,"column":3}}},"4":{"name":"(anonymous_4)","decl":{"start":{"line":23,"column":10},"end":{"line":23,"column":11}},"loc":{"start":{"line":23,"column":28},"end":{"line":31,"column":2}}},"5":{"name":"(anonymous_5)","decl":{"start":{"line":27,"column":8},"end":{"line":27,"column":9}},"loc":{"start":{"line":27,"column":30},"end":{"line":30,"column":3}}},"6":{"name":"(anonymous_6)","decl":{"start":{"line":32,"column":16},"end":{"line":32,"column":17}},"loc":{"start":{"line":32,"column":35},"end":{"line":42,"column":2}}},"7":{"name":"(anonymous_7)","decl":{"start":{"line":38,"column":8},"end":{"line":38,"column":9}},"loc":{"start":{"line":38,"column":26},"end":{"line":41,"column":3}}}},"branchMap":{"0":{"loc":{"start":{"line":13,"column":3},"end":{"line":13,"column":25}},"type":"if","locations":[{"start":{"line":13,"column":3},"end":{"line":13,"column":25}},{"start":{"line":13,"column":3},"end":{"line":13,"column":25}}]},"1":{"loc":{"start":{"line":19,"column":3},"end":{"line":19,"column":25}},"type":"if","locations":[{"start":{"line":19,"column":3},"end":{"line":19,"column":25}},{"start":{"line":19,"column":3},"end":{"line":19,"column":25}}]},"2":{"loc":{"start":{"line":28,"column":3},"end":{"line":28,"column":25}},"type":"if","locations":[{"start":{"line":28,"column":3},"end":{"line":28,"column":25}},{"start":{"line":28,"column":3},"end":{"line":28,"column":25}}]},"3":{"loc":{"start":{"line":39,"column":3},"end":{"line":39,"column":25}},"type":"if","locations":[{"start":{"line":39,"column":3},"end":{"line":39,"column":25}},{"start":{"line":39,"column":3},"end":{"line":39,"column":25}}]}},"s":{"0":1,"1":1,"2":0,"3":0,"4":0,"5":0,"6":0,"7":0,"8":0,"9":0,"10":0,"11":0,"12":0,"13":0,"14":0,"15":0,"16":0,"17":0,"18":0,"19":0},"f":{"0":0,"1":0,"2":0,"3":0,"4":0,"5":0,"6":0,"7":0},"b":{"0":[0,0],"1":[0,0],"2":[0,0],"3":[0,0]},"_coverageSchema":"332fd63041d2c1bcb487cc26dd0d5f7d97098a6c","hash":"9a13c2b6a4c3827818ed6c3654398603fe4074bf"}
,"/Users/suyashkumar/Dropbox/Projects/ADPL/software/cloud-dashboard/node-server/config/device-map.js": {"path":"/Users/suyashkumar/Dropbox/Projects/ADPL/software/cloud-dashboard/node-server/config/device-map.js","statementMap":{"0":{"start":{"line":6,"column":0},"end":{"line":25,"column":1}},"1":{"start":{"line":17,"column":2},"end":{"line":17,"column":14}},"2":{"start":{"line":18,"column":2},"end":{"line":22,"column":3}},"3":{"start":{"line":19,"column":3},"end":{"line":21,"column":4}},"4":{"start":{"line":20,"column":4},"end":{"line":20,"column":33}},"5":{"start":{"line":23,"column":2},"end":{"line":23,"column":15}}},"fnMap":{"0":{"name":"(anonymous_0)","decl":{"start":{"line":16,"column":13},"end":{"line":16,"column":14}},"loc":{"start":{"line":16,"column":23},"end":{"line":24,"column":2}}}},"branchMap":{"0":{"loc":{"start":{"line":19,"column":3},"end":{"line":21,"column":4}},"type":"if","locations":[{"start":{"line":19,"column":3},"end":{"line":21,"column":4}},{"start":{"line":19,"column":3},"end":{"line":21,"column":4}}]}},"s":{"0":1,"1":0,"2":0,"3":0,"4":0,"5":0},"f":{"0":0},"b":{"0":[0,0]},"_coverageSchema":"332fd63041d2c1bcb487cc26dd0d5f7d97098a6c","hash":"717d1f1a62bca8f70a1fbac827f3b45c9f380735"}
,"/Users/suyashkumar/Dropbox/Projects/ADPL/software/cloud-dashboard/node-server/handle-device/bucket-util.js": {"path":"/Users/suyashkumar/Dropbox/Projects/ADPL/software/cloud-dashboard/node-server/handle-device/bucket-util.js","statementMap":{"0":{"start":{"line":8,"column":18},"end":{"line":8,"column":51}},"1":{"start":{"line":9,"column":13},"end":{"line":9,"column":54}},"2":{"start":{"line":20,"column":22},"end":{"line":25,"column":2}},"3":{"start":{"line":27,"column":1},"end":{"line":27,"column":29}},"4":{"start":{"line":28,"column":17},"end":{"line":28,"column":48}},"5":{"start":{"line":29,"column":1},"end":{"line":31,"column":4}},"6":{"start":{"line":30,"column":2},"end":{"line":30,"column":69}},"7":{"start":{"line":30,"column":11},"end":{"line":30,"column":69}},"8":{"start":{"line":32,"column":1},"end":{"line":32,"column":30}},"9":{"start":{"line":45,"column":1},"end":{"line":45,"column":39}},"10":{"start":{"line":46,"column":1},"end":{"line":46,"column":45}},"11":{"start":{"line":47,"column":1},"end":{"line":47,"column":19}},"12":{"start":{"line":50,"column":0},"end":{"line":53,"column":1}}},"fnMap":{"0":{"name":"addRecord","decl":{"start":{"line":19,"column":9},"end":{"line":19,"column":18}},"loc":{"start":{"line":19,"column":35},"end":{"line":34,"column":1}}},"1":{"name":"(anonymous_1)","decl":{"start":{"line":29,"column":16},"end":{"line":29,"column":17}},"loc":{"start":{"line":29,"column":37},"end":{"line":31,"column":2}}},"2":{"name":"parseMessage","decl":{"start":{"line":44,"column":9},"end":{"line":44,"column":21}},"loc":{"start":{"line":44,"column":31},"end":{"line":48,"column":1}}}},"branchMap":{"0":{"loc":{"start":{"line":30,"column":2},"end":{"line":30,"column":69}},"type":"if","locations":[{"start":{"line":30,"column":2},"end":{"line":30,"column":69}},{"start":{"line":30,"column":2},"end":{"line":30,"column":69}}]}},"s":{"0":1,"1":1,"2":0,"3":0,"4":0,"5":0,"6":0,"7":0,"8":0,"9":0,"10":0,"11":0,"12":1},"f":{"0":0,"1":0,"2":0},"b":{"0":[0,0]},"_coverageSchema":"332fd63041d2c1bcb487cc26dd0d5f7d97098a6c","hash":"88974f025c949be51a75e5db46efcf50e08af501"}
,"/Users/suyashkumar/Dropbox/Projects/ADPL/software/cloud-dashboard/node-server/handle-device/temp-util.js": {"path":"/Users/suyashkumar/Dropbox/Projects/ADPL/software/cloud-dashboard/node-server/handle-device/temp-util.js","statementMap":{"0":{"start":{"line":7,"column":23},"end":{"line":7,"column":61}},"1":{"start":{"line":8,"column":13},"end":{"line":8,"column":54}},"2":{"start":{"line":19,"column":26},"end":{"line":31,"column":2}},"3":{"start":{"line":33,"column":1},"end":{"line":33,"column":34}},"4":{"start":{"line":34,"column":17},"end":{"line":34,"column":58}},"5":{"start":{"line":35,"column":1},"end":{"line":37,"column":3}},"6":{"start":{"line":36,"column":2},"end":{"line":36,"column":57}},"7":{"start":{"line":36,"column":10},"end":{"line":36,"column":57}},"8":{"start":{"line":38,"column":1},"end":{"line":38,"column":49}},"9":{"start":{"line":61,"column":1},"end":{"line":61,"column":39}},"10":{"start":{"line":62,"column":19},"end":{"line":62,"column":45}},"11":{"start":{"line":65,"column":20},"end":{"line":69,"column":7}},"12":{"start":{"line":66,"column":23},"end":{"line":66,"column":41}},"13":{"start":{"line":67,"column":2},"end":{"line":67,"column":44}},"14":{"start":{"line":68,"column":2},"end":{"line":68,"column":16}},"15":{"start":{"line":72,"column":1},"end":{"line":72,"column":57}},"16":{"start":{"line":73,"column":1},"end":{"line":73,"column":45}},"17":{"start":{"line":75,"column":1},"end":{"line":75,"column":19}},"18":{"start":{"line":78,"column":0},"end":{"line":81,"column":1}}},"fnMap":{"0":{"name":"addRecord","decl":{"start":{"line":18,"column":9},"end":{"line":18,"column":18}},"loc":{"start":{"line":18,"column":34},"end":{"line":39,"column":1}}},"1":{"name":"(anonymous_1)","decl":{"start":{"line":35,"column":16},"end":{"line":35,"column":17}},"loc":{"start":{"line":35,"column":36},"end":{"line":37,"column":2}}},"2":{"name":"parseMessage","decl":{"start":{"line":60,"column":9},"end":{"line":60,"column":21}},"loc":{"start":{"line":60,"column":31},"end":{"line":76,"column":1}}},"3":{"name":"(anonymous_3)","decl":{"start":{"line":65,"column":37},"end":{"line":65,"column":38}},"loc":{"start":{"line":65,"column":58},"end":{"line":69,"column":2}}}},"branchMap":{"0":{"loc":{"start":{"line":36,"column":2},"end":{"line":36,"column":57}},"type":"if","locations":[{"start":{"line":36,"column":2},"end":{"line":36,"column":57}},{"start":{"line":36,"column":2},"end":{"line":36,"column":57}}]}},"s":{"0":1,"1":1,"2":0,"3":0,"4":0,"5":0,"6":0,"7":0,"8":0,"9":0,"10":0,"11":0,"12":0,"13":0,"14":0,"15":0,"16":0,"17":0,"18":1},"f":{"0":0,"1":0,"2":0,"3":0},"b":{"0":[0,0]},"_coverageSchema":"332fd63041d2c1bcb487cc26dd0d5f7d97098a6c","hash":"35c2f1db26916bc906a577f65ab7462219fa94f1"}
,"/Users/suyashkumar/Dropbox/Projects/ADPL/software/cloud-dashboard/node-server/models/bucket-event.js": {"path":"/Users/suyashkumar/Dropbox/Projects/ADPL/software/cloud-dashboard/node-server/models/bucket-event.js","statementMap":{"0":{"start":{"line":7,"column":15},"end":{"line":7,"column":34}},"1":{"start":{"line":8,"column":13},"end":{"line":8,"column":28}},"2":{"start":{"line":9,"column":18},"end":{"line":14,"column":2}},"3":{"start":{"line":16,"column":0},"end":{"line":16,"column":60}}},"fnMap":{},"branchMap":{},"s":{"0":1,"1":1,"2":1,"3":1},"f":{},"b":{},"_coverageSchema":"332fd63041d2c1bcb487cc26dd0d5f7d97098a6c","hash":"5fab7eb99afde08193b9f3477e4bca40f1e07b8f"}
,"/Users/suyashkumar/Dropbox/Projects/ADPL/software/cloud-dashboard/node-server/models/temperature-event.js": {"path":"/Users/suyashkumar/Dropbox/Projects/ADPL/software/cloud-dashboard/node-server/models/temperature-event.js","statementMap":{"0":{"start":{"line":7,"column":15},"end":{"line":7,"column":34}},"1":{"start":{"line":8,"column":13},"end":{"line":8,"column":28}},"2":{"start":{"line":9,"column":23},"end":{"line":21,"column":2}},"3":{"start":{"line":23,"column":0},"end":{"line":23,"column":70}}},"fnMap":{},"branchMap":{},"s":{"0":2,"1":2,"2":2,"3":2},"f":{},"b":{},"_coverageSchema":"332fd63041d2c1bcb487cc26dd0d5f7d97098a6c","hash":"2ed9e4688c09a4749eb6a5c2a25e8f2897a44470"}
,"/Users/suyashkumar/Dropbox/Projects/ADPL/software/cloud-dashboard/node-server/tests/handle-device/test-data.js": {"path":"/Users/suyashkumar/Dropbox/Projects/ADPL/software/cloud-dashboard/node-server/tests/handle-device/test-data.js","statementMap":{"0":{"start":{"line":2,"column":24},"end":{"line":2,"column":191}},"1":{"start":{"line":4,"column":26},"end":{"line":4,"column":135}},"2":{"start":{"line":6,"column":28},"end":{"line":6,"column":204}},"3":{"start":{"line":8,"column":0},"end":{"line":12,"column":1}}},"fnMap":{},"branchMap":{},"s":{"0":1,"1":1,"2":1,"3":1},"f":{},"b":{},"_coverageSchema":"332fd63041d2c1bcb487cc26dd0d5f7d97098a6c","hash":"3f9ec7906b01dabdae1901f8b441e645cb3342b2"}
}
