TN:
SF:/Users/suyashkumar/Dropbox/Projects/ADPL/software/cloud-dashboard/node-server/handle-device.js
FN:12,handleTemperatureMessage
FN:21,handleBucketMessage
FN:31,handleStream
FN:35,(anonymous_3)
FN:40,(anonymous_4)
FN:44,(anonymous_5)
FNF:6
FNH:2
FNDA:1,handleTemperatureMessage
FNDA:1,handleBucketMessage
FNDA:0,handleStream
FNDA:0,(anonymous_3)
FNDA:0,(anonymous_4)
FNDA:0,(anonymous_5)
DA:8,1
DA:9,1
DA:10,1
DA:13,1
DA:14,1
DA:15,1
DA:17,0
DA:22,1
DA:23,1
DA:24,1
DA:26,0
DA:32,0
DA:35,0
DA:36,0
DA:40,0
DA:41,0
DA:44,0
DA:45,0
DA:46,0
DA:50,1
LF:20
LH:10
BRF:0
BRH:0
end_of_record
TN:
SF:/Users/suyashkumar/Dropbox/Projects/ADPL/software/cloud-dashboard/node-server/api/temperature-handlers.js
FN:11,(anonymous_0)
FN:12,(anonymous_1)
FN:17,(anonymous_2)
FN:18,(anonymous_3)
FN:23,(anonymous_4)
FN:27,(anonymous_5)
FN:32,(anonymous_6)
FN:38,(anonymous_7)
FNF:8
FNH:0
FNDA:0,(anonymous_0)
FNDA:0,(anonymous_1)
FNDA:0,(anonymous_2)
FNDA:0,(anonymous_3)
FNDA:0,(anonymous_4)
FNDA:0,(anonymous_5)
FNDA:0,(anonymous_6)
FNDA:0,(anonymous_7)
DA:7,1
DA:9,1
DA:12,0
DA:13,0
DA:14,0
DA:18,0
DA:19,0
DA:20,0
DA:24,0
DA:28,0
DA:29,0
DA:33,0
DA:35,0
DA:36,0
DA:39,0
DA:40,0
LF:16
LH:2
BRDA:13,0,0,0
BRDA:13,0,1,0
BRDA:19,1,0,0
BRDA:19,1,1,0
BRDA:28,2,0,0
BRDA:28,2,1,0
BRDA:39,3,0,0
BRDA:39,3,1,0
BRF:8
BRH:0
end_of_record
TN:
SF:/Users/suyashkumar/Dropbox/Projects/ADPL/software/cloud-dashboard/node-server/config/device-map.js
FN:16,(anonymous_0)
FNF:1
FNH:0
FNDA:0,(anonymous_0)
DA:6,1
DA:17,0
DA:18,0
DA:19,0
DA:20,0
DA:23,0
LF:6
LH:1
BRDA:19,0,0,0
BRDA:19,0,1,0
BRF:2
BRH:0
end_of_record
TN:
SF:/Users/suyashkumar/Dropbox/Projects/ADPL/software/cloud-dashboard/node-server/handle-device/bucket-util.js
FN:19,addRecord
FN:29,(anonymous_1)
FN:44,parseMessage
FNF:3
FNH:0
FNDA:0,addRecord
FNDA:0,(anonymous_1)
FNDA:0,parseMessage
DA:8,1
DA:9,1
DA:20,0
DA:27,0
DA:28,0
DA:29,0
DA:30,0
DA:32,0
DA:45,0
DA:46,0
DA:47,0
DA:50,1
LF:12
LH:3
BRDA:30,0,0,0
BRDA:30,0,1,0
BRF:2
BRH:0
end_of_record
TN:
SF:/Users/suyashkumar/Dropbox/Projects/ADPL/software/cloud-dashboard/node-server/handle-device/temp-util.js
FN:18,addRecord
FN:35,(anonymous_1)
FN:60,parseMessage
FN:65,(anonymous_3)
FNF:4
FNH:0
FNDA:0,addRecord
FNDA:0,(anonymous_1)
FNDA:0,parseMessage
FNDA:0,(anonymous_3)
DA:7,1
DA:8,1
DA:19,0
DA:33,0
DA:34,0
DA:35,0
DA:36,0
DA:38,0
DA:61,0
DA:62,0
DA:65,0
DA:66,0
DA:67,0
DA:68,0
DA:72,0
DA:73,0
DA:75,0
DA:78,1
LF:18
LH:3
BRDA:36,0,0,0
BRDA:36,0,1,0
BRF:2
BRH:0
end_of_record
TN:
SF:/Users/suyashkumar/Dropbox/Projects/ADPL/software/cloud-dashboard/node-server/models/bucket-event.js
FNF:0
FNH:0
DA:7,1
DA:8,1
DA:9,1
DA:16,1
LF:4
LH:4
BRF:0
BRH:0
end_of_record
TN:
SF:/Users/suyashkumar/Dropbox/Projects/ADPL/software/cloud-dashboard/node-server/models/temperature-event.js
FNF:0
FNH:0
DA:7,2
DA:8,2
DA:9,2
DA:23,2
LF:4
LH:4
BRF:0
BRH:0
end_of_record
TN:
SF:/Users/suyashkumar/Dropbox/Projects/ADPL/software/cloud-dashboard/node-server/tests/handle-device/test-data.js
FNF:0
FNH:0
DA:2,1
DA:4,1
DA:6,1
DA:8,1
LF:4
LH:4
BRF:0
BRH:0
end_of_record
